 🚀  ansible-zero-to-pro/01-core-concepts/inventory ➜ ansible-playbook ../playbooks/playbook.yaml -i inventory.txt  

PLAY [Play 1] *******************************************************************************************************************************************************************************************************
TASK [Gathering Facts] **********************************************************************************************************************************************************************************************ok: [inventory_target_1]
ok: [inventory_target_2]
ok: [inventory_target_4]
ok: [inventory_target_3]

TASK [printing date] ************************************************************************************************************************************************************************************************ok: [inventory_target_1] => {
    "msg": "📅 date:  2023-01-10"
}
ok: [inventory_target_2] => {
    "msg": "📅 date:  2023-01-10"
}
ok: [inventory_target_3] => {
    "msg": "📅 date:  2023-01-10"
}
ok: [inventory_target_4] => {
    "msg": "📅 date:  2023-01-10"
}

TASK [printing getting host name] ***********************************************************************************************************************************************************************************ok: [inventory_target_1] => {
    "msg": "🖥️  inventory_target_1: 12a0d5cfdd73"
}
ok: [inventory_target_2] => {
    "msg": "🖥️  inventory_target_2: 8253b04c3fc2"
}
ok: [inventory_target_3] => {
    "msg": "🖥️  inventory_target_3: 8cf38caeae3f"
}
ok: [inventory_target_4] => {
    "msg": "🖥️  inventory_target_4: 6a7f82483583"
}

TASK [finishing play 1] *********************************************************************************************************************************************************************************************ok: [inventory_target_1] => {
    "msg": "✔️  Play 1 finished..."
}
ok: [inventory_target_2] => {
    "msg": "✔️  Play 1 finished..."
}
ok: [inventory_target_3] => {
    "msg": "✔️  Play 1 finished..."
}
ok: [inventory_target_4] => {
    "msg": "✔️  Play 1 finished..."
}

PLAY [Play 2] *******************************************************************************************************************************************************************************************************
TASK [Gathering Facts] **********************************************************************************************************************************************************************************************ok: [inventory_target_3]

TASK [printing tast] ************************************************************************************************************************************************************************************************ok: [inventory_target_3] => {
    "msg": "attempting nslookup of google.com..."
}

TASK [shell] ********************************************************************************************************************************************************************************************************fatal: [inventory_target_3]: FAILED! => {"changed": true, "cmd": "nslookup google.com", "delta": "0:00:00.003430", "end": "2023-01-10 00:38:34.441398", "msg": "non-zero return code", "rc": 127, "start": "2023-01-10 00:38:34.437968", "stderr": "/bin/sh: line 1: nslookup: command not found", "stderr_lines": ["/bin/sh: line 1: nslookup: command not found"], "stdout": "", "stdout_lines": []}
...ignoring

TASK [debug] ********************************************************************************************************************************************************************************************************ok: [inventory_target_3] => {
    "msg": "❌  command failed..."
}

TASK [debug] ********************************************************************************************************************************************************************************************************ok: [inventory_target_3] => {
    "msg": "🔎  status changed..."
}

TASK [debug] ********************************************************************************************************************************************************************************************************skipping: [inventory_target_3]

TASK [debug] ********************************************************************************************************************************************************************************************************skipping: [inventory_target_3]

TASK [shell] ********************************************************************************************************************************************************************************************************changed: [inventory_target_3]

TASK [saving provides command result] *******************************************************************************************************************************************************************************changed: [inventory_target_3]

TASK [printing provides command result] *****************************************************************************************************************************************************************************ok: [inventory_target_3] => {
    "msg": "📦 found bind-utils-32:9.18.7, attempting to install..."
}

TASK [installing command package] ***********************************************************************************************************************************************************************************changed: [inventory_target_3]

TASK [debug] ********************************************************************************************************************************************************************************************************ok: [inventory_target_3] => {
    "msg": "✔️  package install complete..."
}

TASK [debug] ********************************************************************************************************************************************************************************************************skipping: [inventory_target_3]

TASK [retry nslookup after fail and install] ************************************************************************************************************************************************************************changed: [inventory_target_3]

TASK [debug] ********************************************************************************************************************************************************************************************************ok: [inventory_target_3] => {
    "msg": {
        "changed": true,
        "cmd": [
            "nslookup",
            "google.com"
        ],
        "delta": "0:00:00.035391",
        "end": "2023-01-10 00:38:40.747843",
        "failed": false,
        "msg": "",
        "rc": 0,
        "start": "2023-01-10 00:38:40.712452",
        "stderr": "",
        "stderr_lines": [],
        "stdout": "Server:\t\t127.0.0.11\nAddress:\t127.0.0.11#53\n\nNon-authoritative answer:\nName:\tgoogle.com\nAddress: 142.251.45.46\nName:\tgoogle.com\nAddress: 2607:f8b0:4000:81a::200e",
        "stdout_lines": [
            "Server:\t\t127.0.0.11",
            "Address:\t127.0.0.11#53",
            "",
            "Non-authoritative answer:",
            "Name:\tgoogle.com",
            "Address: 142.251.45.46",
            "Name:\tgoogle.com",
            "Address: 2607:f8b0:4000:81a::200e"
        ]
    }
}

TASK [finishing play 2] *********************************************************************************************************************************************************************************************ok: [inventory_target_3] => {
    "msg": "✔️ Play 2 finished..."
}

PLAY RECAP **********************************************************************************************************************************************************************************************************inventory_target_1         : ok=4    changed=0    unreachable=0    failed=0    skipped=0    rescued=0    ignored=0   
inventory_target_2         : ok=4    changed=0    unreachable=0    failed=0    skipped=0    rescued=0    ignored=0   
inventory_target_3         : ok=17   changed=5    unreachable=0    failed=0    skipped=3    rescued=0    ignored=1   
inventory_target_4         : ok=4    changed=0    unreachable=0    failed=0    skipped=0    rescued=0    ignored=0   